#
# A fatal error has been detected by the Java Runtime Environment:
#
#  SIGSEGV (0xb) at pc=0x00000001011ff8d7, pid=4260, tid=20995
#
# JRE version: Java(TM) SE Runtime Environment (8.0_20-b26) (build 1.8.0_20-b26)
# Java VM: Java HotSpot(TM) 64-Bit Server VM (25.20-b23 mixed mode bsd-amd64 compressed oops)
# Problematic frame:
# V  [libjvm.dylib+0x3068d7]  jni_SetIntArrayRegion+0x7c
#
# Failed to write core dump. Core dumps have been disabled. To enable core dumping, try "ulimit -c unlimited" before starting Java again
#
# If you would like to submit a bug report, please visit:
#   http://bugreport.sun.com/bugreport/crash.jsp
#

---------------  T H R E A D  ---------------

Current thread (0x00007fcbfa196000):  JavaThread "*** Profiler Agent Special Execution Thread 10" daemon [_thread_in_vm, id=20995, stack(0x000000011dd93000,0x000000011de93000)]

siginfo: si_signo: 11 (SIGSEGV), si_code: 1 (SEGV_MAPERR), si_addr: 0x0000000000000000

Registers:
RAX=0x0000000000000003, RBX=0x0000000000000003, RCX=0x0000000000000003, RDX=0x0000000000000000
RSP=0x000000011de92600, RBP=0x000000011de92660, RSI=0x0000000000000000, RDI=0x00007fcbfa1961e8
R8 =0x00007fcbf8c60870, R9 =0x00007fcbf8c00000, R10=0x00007fff884802a8, R11=0x00007fcaf8b60a47
R12=0x0000000000000000, R13=0x00007fcbfa196000, R14=0x0000000000000000, R15=0x0000000000000000
RIP=0x00000001011ff8d7, EFLAGS=0x0000000000010206, ERR=0x0000000000000004
  TRAPNO=0x000000000000000e

Top of Stack: (sp=0x000000011de92600)
0x000000011de92600:   00007fcbf8c60870 00007fcbfa196000
0x000000011de92610:   00007fcbf8e342f8 00007fff0000009f
0x000000011de92620:   0000000101491883 00007fcbfa196000
0x000000011de92630:   00007fcbfa196000 0000000000000002
0x000000011de92640:   0000000000000003 00007fcbf8f4e410
0x000000011de92650:   00007fcbf8c60870 00007fcbfa1961e8
0x000000011de92660:   000000011de926f0 0000000101f74414
0x000000011de92670:   000000011b7b2450 00007fcbf8c68fa0
0x000000011de92680:   00007fcbf8d17f80 00007fcbf8d17f88
0x000000011de92690:   00007fcbf8d17f90 000000021de928a0
0x000000011de926a0:   00007fcbf8f4e640 0000000000000000
0x000000011de926b0:   00007fcbf8f4e3d0 00000008011fb5b1
0x000000011de926c0:   00007fcbfa196000 0000000000000001
0x000000011de926d0:   0000000000000000 000000011de928d0
0x000000011de926e0:   000000011de92730 00007fcbfa196000
0x000000011de926f0:   000000011de92740 000000010292786d
0x000000011de92700:   000000076aaff060 000000076aaff118
0x000000011de92710:   000000076aaff160 000000011de92740
0x000000011de92720:   0000000000000001 00000007c001b998
0x000000011de92730:   00000006c9435d90 0000000786500000
0x000000011de92740:   000000011de92918 0000000102929b34
0x000000011de92750:   000000011de92760 0000000101355c7f
0x000000011de92760:   000000011de927b0 0000000101355d46
0x000000011de92770:   000000011de92790 00000001016dc290
0x000000011de92780:   0000000000000000 00007fcbfa196000
0x000000011de92790:   000000011de92830 00000001011f1caa
0x000000011de927a0:   0000003000000018 000000011de92840
0x000000011de927b0:   000000011de926c0 000000010000000e
0x000000011de927c0:   0000000000000001 0000003000000018
0x000000011de927d0:   000000011de92840 000000011de926c0
0x000000011de927e0:   00007fcbfa196000 0000000000000000
0x000000011de927f0:   000000011de92830 00000001011f1a1f 

Instructions: (pc=0x00000001011ff8d7)
0x00000001011ff8b7:   00 4c 89 e7 4d 63 e6 48 63 cb 4c 89 fe 4c 89 e2
0x00000001011ff8c7:   4c 8b 45 a0 90 0f 1f 40 00 89 d8 44 09 f0 78 3c
0x00000001011ff8d7:   49 8b 07 41 01 de 48 8d 0d 20 cc 58 00 8a 11 84
0x00000001011ff8e7:   d2 0f 94 c1 0f b6 c9 44 3b 74 88 0c 77 1e 85 db 

Register to memory mapping:

RAX=0x0000000000000003 is an unknown value
RBX=0x0000000000000003 is an unknown value
RCX=0x0000000000000003 is an unknown value
RDX=0x0000000000000000 is an unknown value
RSP=0x000000011de92600 is pointing into the stack for thread: 0x00007fcbfa196000
RBP=0x000000011de92660 is pointing into the stack for thread: 0x00007fcbfa196000
RSI=0x0000000000000000 is an unknown value
RDI=0x00007fcbfa1961e8 is an unknown value
R8 =0x00007fcbf8c60870 is an unknown value
R9 =0x00007fcbf8c00000 is an unknown value
R10=0x00007fff884802a8: __vfprintf+0x4705 in /usr/lib/system/libsystem_c.dylib at 0x00007fff88437000
R11=0x00007fcaf8b60a47 is an unknown value
R12=0x0000000000000000 is an unknown value
R13=0x00007fcbfa196000 is a thread
R14=0x0000000000000000 is an unknown value
R15=0x0000000000000000 is an unknown value


Stack: [0x000000011dd93000,0x000000011de93000],  sp=0x000000011de92600,  free space=1021k
Native frames: (J=compiled Java code, j=interpreted, Vv=VM code, C=native code)
V  [libjvm.dylib+0x3068d7]  jni_SetIntArrayRegion+0x7c
C  [libprofilerinterface.jnilib+0x4414]  Java_org_netbeans_lib_profiler_server_system_Stacks_getAllStackTraces+0x219
J 802  org.netbeans.lib.profiler.server.system.Stacks.getAllStackTraces([[Ljava/lang/Thread;[[I[[[I)V (0 bytes) @ 0x000000010292786d [0x0000000102927780+0xed]
J 800 C1 org.netbeans.lib.profiler.server.ProfilerRuntimeSampler$Sampling.sample()V (380 bytes) @ 0x0000000102929b34 [0x0000000102929620+0x514]
j  org.netbeans.lib.profiler.server.SamplingThread.run()V+114
v  ~StubRoutines::call_stub
V  [libjvm.dylib+0x2d429e]  JavaCalls::call_helper(JavaValue*, methodHandle*, JavaCallArguments*, Thread*)+0x6ae
V  [libjvm.dylib+0x2d4a2c]  JavaCalls::call_virtual(JavaValue*, KlassHandle, Symbol*, Symbol*, JavaCallArguments*, Thread*)+0x164
V  [libjvm.dylib+0x2d4bd8]  JavaCalls::call_virtual(JavaValue*, Handle, KlassHandle, Symbol*, Symbol*, Thread*)+0x4a
V  [libjvm.dylib+0x32562b]  thread_entry(JavaThread*, Thread*)+0x7c
V  [libjvm.dylib+0x535a51]  JavaThread::thread_main_inner()+0x9b
V  [libjvm.dylib+0x537194]  JavaThread::run()+0x1c2
V  [libjvm.dylib+0x45d35a]  java_start(Thread*)+0xf6
C  [libsystem_pthread.dylib+0x1899]  _pthread_body+0x8a
C  [libsystem_pthread.dylib+0x172a]  _pthread_struct_init+0x0
C  [libsystem_pthread.dylib+0x5fc9]  thread_start+0xd
C  0x0000000000000000

Java frames: (J=compiled Java code, j=interpreted, Vv=VM code)
J 802  org.netbeans.lib.profiler.server.system.Stacks.getAllStackTraces([[Ljava/lang/Thread;[[I[[[I)V (0 bytes) @ 0x00000001029277f7 [0x0000000102927780+0x77]
J 800 C1 org.netbeans.lib.profiler.server.ProfilerRuntimeSampler$Sampling.sample()V (380 bytes) @ 0x0000000102929b34 [0x0000000102929620+0x514]
j  org.netbeans.lib.profiler.server.SamplingThread.run()V+114
v  ~StubRoutines::call_stub

---------------  P R O C E S S  ---------------

Java Threads: ( => current thread )
  0x00007fcbf9171000 JavaThread "Service Thread" daemon [_thread_blocked, id=22531, stack(0x000000011e325000,0x000000011e425000)]
  0x00007fcbf9809000 JavaThread "C1 CompilerThread2" daemon [_thread_blocked, id=22019, stack(0x000000011e222000,0x000000011e322000)]
  0x00007fcbfa19f000 JavaThread "C2 CompilerThread1" daemon [_thread_blocked, id=21507, stack(0x000000011e11f000,0x000000011e21f000)]
  0x00007fcbf9830800 JavaThread "C2 CompilerThread0" daemon [_thread_blocked, id=20487, stack(0x000000011e01c000,0x000000011e11c000)]
=>0x00007fcbfa196000 JavaThread "*** Profiler Agent Special Execution Thread 10" daemon [_thread_in_vm, id=20995, stack(0x000000011dd93000,0x000000011de93000)]
  0x00007fcbfa1e9000 JavaThread "*** Profiler Agent Special Execution Thread 6" daemon [_thread_blocked, id=19459, stack(0x000000011da1b000,0x000000011db1b000)]
  0x00007fcbfa81e000 JavaThread "*** JFluid Monitor thread ***" daemon [_thread_blocked, id=18947, stack(0x000000011d918000,0x000000011da18000)]
  0x00007fcbf9886000 JavaThread "*** Profiler Agent Communication Thread" daemon [_thread_blocked, id=18435, stack(0x000000011d790000,0x000000011d890000)]
  0x00007fcbfa0e1800 JavaThread "Signal Dispatcher" daemon [_thread_blocked, id=17923, stack(0x000000011d42a000,0x000000011d52a000)]
  0x00007fcbf9085000 JavaThread "Finalizer" daemon [_thread_blocked, id=13059, stack(0x000000011d1f5000,0x000000011d2f5000)]
  0x00007fcbf9083800 JavaThread "Reference Handler" daemon [_thread_blocked, id=12547, stack(0x000000011d0f2000,0x000000011d1f2000)]
  0x00007fcbf900f800 JavaThread "main" [_thread_blocked, id=4867, stack(0x0000000101e15000,0x0000000101f15000)]

Other Threads:
  0x00007fcbf906a000 VMThread [stack: 0x000000011cfef000,0x000000011d0ef000] [id=12035]
  0x00007fcbfa287000 WatcherThread [stack: 0x000000011e428000,0x000000011e528000] [id=23043]

VM state:synchronizing (normal execution)

VM Mutex/Monitor currently owned by a thread:  ([mutex/lock_event])
[0x00007fcbf8e01b90] Threads_lock - owner thread: 0x00007fcbf906a000
[0x00007fcbf8e02090] Heap_lock - owner thread: 0x00007fcbfa81e000

Heap:
 PSYoungGen      total 918528K, used 452608K [0x000000076ab00000, 0x00000007c0000000, 0x00000007c0000000)
  eden space 452608K, 100% used [0x000000076ab00000,0x0000000786500000,0x0000000786500000)
  from space 465920K, 0% used [0x0000000786500000,0x0000000786500000,0x00000007a2c00000)
  to   space 465920K, 0% used [0x00000007a3900000,0x00000007a3900000,0x00000007c0000000)
 ParOldGen       total 2796544K, used 2796544K [0x00000006c0000000, 0x000000076ab00000, 0x000000076ab00000)
  object space 2796544K, 100% used [0x00000006c0000000,0x000000076ab00000,0x000000076ab00000)
 Metaspace       used 8809K, capacity 9008K, committed 9088K, reserved 1056768K
  class space    used 1016K, capacity 1090K, committed 1152K, reserved 1048576K

Card table byte_map: [0x0000000111bc0000,0x00000001123c1000] byte_map_base: 0x000000010e5c0000

Marking Bits: (ParMarkBitMap*) 0x0000000101795330
 Begin Bits: [0x0000000112d23000, 0x0000000116d23000)
 End Bits:   [0x0000000116d23000, 0x000000011ad23000)

Polling page: 0x0000000101f6f000

CodeCache: size=245760Kb used=3531Kb max_used=3609Kb free=242229Kb
 bounds [0x0000000102800000, 0x0000000102ba0000, 0x0000000111800000]
 total_blobs=1106 nmethods=765 adapters=256
 compilation: enabled

Compilation events (10 events):
Event: 235.324 Thread 0x00007fcbf9809000  836       3       java.io.ObjectInputStream::read (8 bytes)
Event: 244.196 Thread 0x00007fcbf9809000 nmethod 836 0x00000001029de0d0 code [0x00000001029de240, 0x00000001029de3e8]
Event: 244.196 Thread 0x00007fcbf9809000  838       3       org.netbeans.lib.profiler.server.Monitors$ThreadDataTable::prePut (41 bytes)
Event: 251.357 Thread 0x00007fcbf9809000 nmethod 838 0x0000000102a56a50 code [0x0000000102a56be0, 0x0000000102a56e90]
Event: 252.612 Thread 0x00007fcbf9809000  839       3       java.lang.Long::valueOf (36 bytes)
Event: 260.296 Thread 0x00007fcbf9809000 nmethod 839 0x000000010299bbd0 code [0x000000010299bd60, 0x000000010299c0d0]
Event: 262.831 Thread 0x00007fcbf9809000  837       1       java.io.ObjectInputStream::access$500 (5 bytes)
Event: 267.618 Thread 0x00007fcbf9809000 nmethod 837 0x0000000102967410 code [0x0000000102967560, 0x0000000102967650]
Event: 287.615 Thread 0x00007fcbf9809000  840       3       org.netbeans.lib.profiler.server.system.Timers::getCurrentTimeInCounts (4 bytes)
Event: 290.513 Thread 0x00007fcbf9809000 nmethod 840 0x00000001029c32d0 code [0x00000001029c3440, 0x00000001029c3590]

GC Heap History (10 events):
Event: 317.899 GC heap before
{Heap before GC invocations=255 (full 240):
 PSYoungGen      total 918528K, used 452608K [0x000000076ab00000, 0x00000007c0000000, 0x00000007c0000000)
  eden space 452608K, 100% used [0x000000076ab00000,0x0000000786500000,0x0000000786500000)
  from space 465920K, 0% used [0x0000000786500000,0x0000000786500000,0x00000007a2c00000)
  to   space 465920K, 0% used [0x00000007a3900000,0x00000007a3900000,0x00000007c0000000)
 ParOldGen       total 2796544K, used 2796543K [0x00000006c0000000, 0x000000076ab00000, 0x000000076ab00000)
  object space 2796544K, 99% used [0x00000006c0000000,0x000000076aaffe20,0x000000076ab00000)
 Metaspace       used 8809K, capacity 9008K, committed 9088K, reserved 1056768K
  class space    used 1016K, capacity 1090K, committed 1152K, reserved 1048576K
Event: 319.058 GC heap after
Heap after GC invocations=255 (full 240):
 PSYoungGen      total 918528K, used 452608K [0x000000076ab00000, 0x00000007c0000000, 0x00000007c0000000)
  eden space 452608K, 100% used [0x000000076ab00000,0x0000000786500000,0x0000000786500000)
  from space 465920K, 0% used [0x0000000786500000,0x0000000786500000,0x00000007a2c00000)
  to   space 465920K, 0% used [0x00000007a3900000,0x00000007a3900000,0x00000007c0000000)
 ParOldGen       total 2796544K, used 2796543K [0x00000006c0000000, 0x000000076ab00000, 0x000000076ab00000)
  object space 2796544K, 99% used [0x00000006c0000000,0x000000076aaffe20,0x000000076ab00000)
 Metaspace       used 8809K, capacity 9008K, committed 9088K, reserved 1056768K
  class space    used 1016K, capacity 1090K, committed 1152K, reserved 1048576K
}
Event: 319.059 GC heap before
{Heap before GC invocations=256 (full 241):
 PSYoungGen      total 918528K, used 452608K [0x000000076ab00000, 0x00000007c0000000, 0x00000007c0000000)
  eden space 452608K, 100% used [0x000000076ab00000,0x0000000786500000,0x0000000786500000)
  from space 465920K, 0% used [0x0000000786500000,0x0000000786500000,0x00000007a2c00000)
  to   space 465920K, 0% used [0x00000007a3900000,0x00000007a3900000,0x00000007c0000000)
 ParOldGen       total 2796544K, used 2796543K [0x00000006c0000000, 0x000000076ab00000, 0x000000076ab00000)
  object space 2796544K, 99% used [0x00000006c0000000,0x000000076aaffff0,0x000000076ab00000)
 Metaspace       used 8809K, capacity 9008K, committed 9088K, reserved 1056768K
  class space    used 1016K, capacity 1090K, committed 1152K, reserved 1048576K
Event: 320.607 GC heap after
Heap after GC invocations=256 (full 241):
 PSYoungGen      total 918528K, used 452608K [0x000000076ab00000, 0x00000007c0000000, 0x00000007c0000000)
  eden space 452608K, 100% used [0x000000076ab00000,0x0000000786500000,0x0000000786500000)
  from space 465920K, 0% used [0x0000000786500000,0x0000000786500000,0x00000007a2c00000)
  to   space 465920K, 0% used [0x00000007a3900000,0x00000007a3900000,0x00000007c0000000)
 ParOldGen       total 2796544K, used 2796543K [0x00000006c0000000, 0x000000076ab00000, 0x000000076ab00000)
  object space 2796544K, 99% used [0x00000006c0000000,0x000000076aaffff0,0x000000076ab00000)
 Metaspace       used 8809K, capacity 9008K, committed 9088K, reserved 1056768K
  class space    used 1016K, capacity 1090K, committed 1152K, reserved 1048576K
}
Event: 320.607 GC heap before
{Heap before GC invocations=257 (full 242):
 PSYoungGen      total 918528K, used 452608K [0x000000076ab00000, 0x00000007c0000000, 0x00000007c0000000)
  eden space 452608K, 100% used [0x000000076ab00000,0x0000000786500000,0x0000000786500000)
  from space 465920K, 0% used [0x0000000786500000,0x0000000786500000,0x00000007a2c00000)
  to   space 465920K, 0% used [0x00000007a3900000,0x00000007a3900000,0x00000007c0000000)
 ParOldGen       total 2796544K, used 2796543K [0x00000006c0000000, 0x000000076ab00000, 0x000000076ab00000)
  object space 2796544K, 99% used [0x00000006c0000000,0x000000076aaffff0,0x000000076ab00000)
 Metaspace       used 8809K, capacity 9008K, committed 9088K, reserved 1056768K
  class space    used 1016K, capacity 1090K, committed 1152K, reserved 1048576K
Event: 322.069 GC heap after
Heap after GC invocations=257 (full 242):
 PSYoungGen      total 918528K, used 452608K [0x000000076ab00000, 0x00000007c0000000, 0x00000007c0000000)
  eden space 452608K, 100% used [0x000000076ab00000,0x0000000786500000,0x0000000786500000)
  from space 465920K, 0% used [0x0000000786500000,0x0000000786500000,0x00000007a2c00000)
  to   space 465920K, 0% used [0x00000007a3900000,0x00000007a3900000,0x00000007c0000000)
 ParOldGen       total 2796544K, used 2796543K [0x00000006c0000000, 0x000000076ab00000, 0x000000076ab00000)
  object space 2796544K, 99% used [0x00000006c0000000,0x000000076aaffff0,0x000000076ab00000)
 Metaspace       used 8809K, capacity 9008K, committed 9088K, reserved 1056768K
  class space    used 1016K, capacity 1090K, committed 1152K, reserved 1048576K
}
Event: 322.070 GC heap before
{Heap before GC invocations=258 (full 243):
 PSYoungGen      total 918528K, used 452608K [0x000000076ab00000, 0x00000007c0000000, 0x00000007c0000000)
  eden space 452608K, 100% used [0x000000076ab00000,0x0000000786500000,0x0000000786500000)
  from space 465920K, 0% used [0x0000000786500000,0x0000000786500000,0x00000007a2c00000)
  to   space 465920K, 0% used [0x00000007a3900000,0x00000007a3900000,0x00000007c0000000)
 ParOldGen       total 2796544K, used 2796544K [0x00000006c0000000, 0x000000076ab00000, 0x000000076ab00000)
  object space 2796544K, 100% used [0x00000006c0000000,0x000000076ab00000,0x000000076ab00000)
 Metaspace       used 8809K, capacity 9008K, committed 9088K, reserved 1056768K
  class space    used 1016K, capacity 1090K, committed 1152K, reserved 1048576K
Event: 323.326 GC heap after
Heap after GC invocations=258 (full 243):
 PSYoungGen      total 918528K, used 452608K [0x000000076ab00000, 0x00000007c0000000, 0x00000007c0000000)
  eden space 452608K, 100% used [0x000000076ab00000,0x0000000786500000,0x0000000786500000)
  from space 465920K, 0% used [0x0000000786500000,0x0000000786500000,0x00000007a2c00000)
  to   space 465920K, 0% used [0x00000007a3900000,0x00000007a3900000,0x00000007c0000000)
 ParOldGen       total 2796544K, used 2796544K [0x00000006c0000000, 0x000000076ab00000, 0x000000076ab00000)
  object space 2796544K, 100% used [0x00000006c0000000,0x000000076ab00000,0x000000076ab00000)
 Metaspace       used 8809K, capacity 9008K, committed 9088K, reserved 1056768K
  class space    used 1016K, capacity 1090K, committed 1152K, reserved 1048576K
}
Event: 323.326 GC heap before
{Heap before GC invocations=259 (full 244):
 PSYoungGen      total 918528K, used 452608K [0x000000076ab00000, 0x00000007c0000000, 0x00000007c0000000)
  eden space 452608K, 100% used [0x000000076ab00000,0x0000000786500000,0x0000000786500000)
  from space 465920K, 0% used [0x0000000786500000,0x0000000786500000,0x00000007a2c00000)
  to   space 465920K, 0% used [0x00000007a3900000,0x00000007a3900000,0x00000007c0000000)
 ParOldGen       total 2796544K, used 2796544K [0x00000006c0000000, 0x000000076ab00000, 0x000000076ab00000)
  object space 2796544K, 100% used [0x00000006c0000000,0x000000076ab00000,0x000000076ab00000)
 Metaspace       used 8809K, capacity 9008K, committed 9088K, reserved 1056768K
  class space    used 1016K, capacity 1090K, committed 1152K, reserved 1048576K
Event: 324.951 GC heap after
Heap after GC invocations=259 (full 244):
 PSYoungGen      total 918528K, used 452608K [0x000000076ab00000, 0x00000007c0000000, 0x00000007c0000000)
  eden space 452608K, 100% used [0x000000076ab00000,0x0000000786500000,0x0000000786500000)
  from space 465920K, 0% used [0x0000000786500000,0x0000000786500000,0x00000007a2c00000)
  to   space 465920K, 0% used [0x00000007a3900000,0x00000007a3900000,0x00000007c0000000)
 ParOldGen       total 2796544K, used 2796544K [0x00000006c0000000, 0x000000076ab00000, 0x000000076ab00000)
  object space 2796544K, 100% used [0x00000006c0000000,0x000000076ab00000,0x000000076ab00000)
 Metaspace       used 8809K, capacity 9008K, committed 9088K, reserved 1056768K
  class space    used 1016K, capacity 1090K, committed 1152K, reserved 1048576K
}

Deoptimization events (10 events):
Event: 1.410 Thread 0x00007fcbf900f800 Uncommon trap: reason=array_check action=maybe_recompile pc=0x0000000102a8ee08 method=java.util.AbstractCollection.toArray([Ljava/lang/Object;)[Ljava/lang/Object; @ 119
Event: 1.410 Thread 0x00007fcbf900f800 Uncommon trap: reason=array_check action=maybe_recompile pc=0x0000000102a8ee08 method=java.util.AbstractCollection.toArray([Ljava/lang/Object;)[Ljava/lang/Object; @ 119
Event: 1.410 Thread 0x00007fcbf900f800 Uncommon trap: reason=array_check action=maybe_recompile pc=0x0000000102a8ee08 method=java.util.AbstractCollection.toArray([Ljava/lang/Object;)[Ljava/lang/Object; @ 119
Event: 1.410 Thread 0x00007fcbf900f800 Uncommon trap: reason=array_check action=maybe_recompile pc=0x0000000102a8ee08 method=java.util.AbstractCollection.toArray([Ljava/lang/Object;)[Ljava/lang/Object; @ 119
Event: 1.839 Thread 0x00007fcbf900f800 Uncommon trap: reason=class_check action=maybe_recompile pc=0x0000000102a84190 method=java.util.HashMap.putVal(ILjava/lang/Object;Ljava/lang/Object;ZZ)Ljava/lang/Object; @ 203
Event: 1.884 Thread 0x00007fcbf900f800 Uncommon trap: reason=bimorphic action=maybe_recompile pc=0x0000000102a9de60 method=java.util.HashMap.putVal(ILjava/lang/Object;Ljava/lang/Object;ZZ)Ljava/lang/Object; @ 203
Event: 3.494 Thread 0x00007fcbf900f800 Uncommon trap: reason=unreached action=reinterpret pc=0x0000000102b3329c method=java.util.HashMap.getNode(ILjava/lang/Object;)Ljava/util/HashMap$Node; @ 84
Event: 3.494 Thread 0x00007fcbf900f800 Uncommon trap: reason=unreached action=reinterpret pc=0x0000000102a2eed0 method=java.util.HashMap.getNode(ILjava/lang/Object;)Ljava/util/HashMap$Node; @ 84
Event: 3.568 Thread 0x00007fcbf900f800 Uncommon trap: reason=unreached action=reinterpret pc=0x0000000102a5b0f4 method=java.util.HashMap.getNode(ILjava/lang/Object;)Ljava/util/HashMap$Node; @ 84
Event: 3.568 Thread 0x00007fcbf900f800 Uncommon trap: reason=unreached action=reinterpret pc=0x0000000102a024bc method=java.util.HashMap.getNode(ILjava/lang/Object;)Ljava/util/HashMap$Node; @ 84

Internal exceptions (10 events):
Event: 1.142 Thread 0x00007fcbf900f800 Exception <a 'java/security/PrivilegedActionException'> (0x000000076c0d9dd8) thrown at [/HUDSON3/workspace/8-2-build-macosx-x86_64/jdk8u20/1074/hotspot/src/share/vm/prims/jvm.cpp, line 1275]
Event: 1.143 Thread 0x00007fcbf900f800 Exception <a 'java/security/PrivilegedActionException'> (0x000000076c0e3210) thrown at [/HUDSON3/workspace/8-2-build-macosx-x86_64/jdk8u20/1074/hotspot/src/share/vm/prims/jvm.cpp, line 1275]
Event: 1.143 Thread 0x00007fcbf900f800 Exception <a 'java/security/PrivilegedActionException'> (0x000000076c0ea638) thrown at [/HUDSON3/workspace/8-2-build-macosx-x86_64/jdk8u20/1074/hotspot/src/share/vm/prims/jvm.cpp, line 1275]
Event: 1.144 Thread 0x00007fcbf900f800 Exception <a 'java/security/PrivilegedActionException'> (0x000000076c0fdf70) thrown at [/HUDSON3/workspace/8-2-build-macosx-x86_64/jdk8u20/1074/hotspot/src/share/vm/prims/jvm.cpp, line 1275]
Event: 1.144 Thread 0x00007fcbf900f800 Exception <a 'java/security/PrivilegedActionException'> (0x000000076c101d10) thrown at [/HUDSON3/workspace/8-2-build-macosx-x86_64/jdk8u20/1074/hotspot/src/share/vm/prims/jvm.cpp, line 1275]
Event: 1.145 Thread 0x00007fcbf900f800 Exception <a 'java/security/PrivilegedActionException'> (0x000000076c10d500) thrown at [/HUDSON3/workspace/8-2-build-macosx-x86_64/jdk8u20/1074/hotspot/src/share/vm/prims/jvm.cpp, line 1275]
Event: 1.145 Thread 0x00007fcbf900f800 Exception <a 'java/security/PrivilegedActionException'> (0x000000076c111358) thrown at [/HUDSON3/workspace/8-2-build-macosx-x86_64/jdk8u20/1074/hotspot/src/share/vm/prims/jvm.cpp, line 1275]
Event: 1.146 Thread 0x00007fcbf900f800 Exception <a 'java/security/PrivilegedActionException'> (0x000000076c116d10) thrown at [/HUDSON3/workspace/8-2-build-macosx-x86_64/jdk8u20/1074/hotspot/src/share/vm/prims/jvm.cpp, line 1275]
Event: 1.828 Thread 0x00007fcbf900f800 Exception <a 'java/security/PrivilegedActionException'> (0x000000076cecce18) thrown at [/HUDSON3/workspace/8-2-build-macosx-x86_64/jdk8u20/1074/hotspot/src/share/vm/prims/jvm.cpp, line 1275]
Event: 324.951 Thread 0x00007fcbfa196000 Exception <a 'java/lang/OutOfMemoryError'> (0x00000006c925d210) thrown at [/HUDSON3/workspace/8-2-build-macosx-x86_64/jdk8u20/1074/hotspot/src/share/vm/gc_interface/collectedHeap.inline.hpp, line 159]

Events (10 events):
Event: 316.422 Executing VM operation: GetAllStackTraces done
Event: 316.422 Executing VM operation: ParallelGCFailedAllocation
Event: 317.899 Executing VM operation: ParallelGCFailedAllocation done
Event: 317.899 Executing VM operation: ParallelGCFailedAllocation
Event: 319.058 Executing VM operation: ParallelGCFailedAllocation done
Event: 319.059 Executing VM operation: ParallelGCFailedAllocation
Event: 322.069 Executing VM operation: ParallelGCFailedAllocation done
Event: 322.070 Executing VM operation: ParallelGCFailedAllocation
Event: 324.951 Executing VM operation: ParallelGCFailedAllocation done
Event: 324.951 Executing VM operation: ParallelGCFailedAllocation


Dynamic libraries:
0x00000000082bb000 	/System/Library/Frameworks/Cocoa.framework/Versions/A/Cocoa
0x00000000082bb000 	/System/Library/Frameworks/Security.framework/Versions/A/Security
0x00000000082bb000 	/System/Library/Frameworks/ApplicationServices.framework/Versions/A/ApplicationServices
0x00000000082bb000 	/usr/lib/libz.1.dylib
0x00000000082bb000 	/usr/lib/libSystem.B.dylib
0x00000000082bb000 	/usr/lib/libobjc.A.dylib
0x00000000082bb000 	/System/Library/Frameworks/CoreFoundation.framework/Versions/A/CoreFoundation
0x00000000082bb000 	/System/Library/Frameworks/Foundation.framework/Versions/C/Foundation
0x00000000082bb000 	/System/Library/Frameworks/AppKit.framework/Versions/C/AppKit
0x00000000082bb000 	/System/Library/Frameworks/CoreData.framework/Versions/A/CoreData
0x00000000082bb000 	/System/Library/PrivateFrameworks/RemoteViewServices.framework/Versions/A/RemoteViewServices
0x00000000082bb000 	/System/Library/Frameworks/AudioToolbox.framework/Versions/A/AudioToolbox
0x00000000082bb000 	/System/Library/Frameworks/AudioUnit.framework/Versions/A/AudioUnit
0x00000000082bb000 	/System/Library/PrivateFrameworks/DataDetectorsCore.framework/Versions/A/DataDetectorsCore
0x00000000082bb000 	/System/Library/PrivateFrameworks/DesktopServicesPriv.framework/Versions/A/DesktopServicesPriv
0x00000000082bb000 	/System/Library/Frameworks/Carbon.framework/Versions/A/Frameworks/HIToolbox.framework/Versions/A/HIToolbox
0x00000000082bb000 	/System/Library/Frameworks/QuartzCore.framework/Versions/A/QuartzCore
0x00000000082bb000 	/System/Library/Frameworks/Carbon.framework/Versions/A/Frameworks/SpeechRecognition.framework/Versions/A/SpeechRecognition
0x00000000082bb000 	/usr/lib/libauto.dylib
0x00000000082bb000 	/usr/lib/libicucore.A.dylib
0x00000000082bb000 	/usr/lib/libxml2.2.dylib
0x00000000082bb000 	/System/Library/PrivateFrameworks/CoreUI.framework/Versions/A/CoreUI
0x00000000082bb000 	/System/Library/Frameworks/CoreAudio.framework/Versions/A/CoreAudio
0x00000000082bb000 	/System/Library/Frameworks/DiskArbitration.framework/Versions/A/DiskArbitration
0x00000000082bb000 	/usr/lib/liblangid.dylib
0x00000000082bb000 	/System/Library/PrivateFrameworks/MultitouchSupport.framework/Versions/A/MultitouchSupport
0x00000000082bb000 	/System/Library/Frameworks/IOKit.framework/Versions/A/IOKit
0x00000000082bb000 	/usr/lib/libDiagnosticMessagesClient.dylib
0x00000000082bb000 	/System/Library/Frameworks/CoreServices.framework/Versions/A/CoreServices
0x00000000082bb000 	/System/Library/PrivateFrameworks/PerformanceAnalysis.framework/Versions/A/PerformanceAnalysis
0x00000000082bb000 	/System/Library/PrivateFrameworks/GenerationalStorage.framework/Versions/A/GenerationalStorage
0x00000000082bb000 	/System/Library/Frameworks/OpenGL.framework/Versions/A/OpenGL
0x00000000082bb000 	/System/Library/PrivateFrameworks/Sharing.framework/Versions/A/Sharing
0x00000000082bb000 	/System/Library/Frameworks/ImageIO.framework/Versions/A/ImageIO
0x00000000082bb000 	/System/Library/Frameworks/CoreText.framework/Versions/A/CoreText
0x00000000082bb000 	/System/Library/Frameworks/CoreGraphics.framework/Versions/A/CoreGraphics
0x00000000082bb000 	/System/Library/PrivateFrameworks/Backup.framework/Versions/A/Backup
0x00000000082bb000 	/System/Library/Frameworks/CFNetwork.framework/Versions/A/CFNetwork
0x00000000082bb000 	/System/Library/Frameworks/SystemConfiguration.framework/Versions/A/SystemConfiguration
0x00000000082bb000 	/usr/lib/libCRFSuite.dylib
0x00000000082bb000 	/usr/lib/libc++.1.dylib
0x00000000082bb000 	/usr/lib/libc++abi.dylib
0x00000000082bb000 	/usr/lib/system/libcache.dylib
0x00000000082bb000 	/usr/lib/system/libcommonCrypto.dylib
0x00000000082bb000 	/usr/lib/system/libcompiler_rt.dylib
0x00000000082bb000 	/usr/lib/system/libcopyfile.dylib
0x00000000082bb000 	/usr/lib/system/libcorecrypto.dylib
0x00000000082bb000 	/usr/lib/system/libdispatch.dylib
0x00000000082bb000 	/usr/lib/system/libdyld.dylib
0x00000000082bb000 	/usr/lib/system/libkeymgr.dylib
0x00000000082bb000 	/usr/lib/system/liblaunch.dylib
0x00000000082bb000 	/usr/lib/system/libmacho.dylib
0x00000000082bb000 	/usr/lib/system/libquarantine.dylib
0x00000000082bb000 	/usr/lib/system/libremovefile.dylib
0x00000000082bb000 	/usr/lib/system/libsystem_asl.dylib
0x00000000082bb000 	/usr/lib/system/libsystem_blocks.dylib
0x00000000082bb000 	/usr/lib/system/libsystem_c.dylib
0x00000000082bb000 	/usr/lib/system/libsystem_configuration.dylib
0x00000000082bb000 	/usr/lib/system/libsystem_dnssd.dylib
0x00000000082bb000 	/usr/lib/system/libsystem_info.dylib
0x00000000082bb000 	/usr/lib/system/libsystem_kernel.dylib
0x00000000082bb000 	/usr/lib/system/libsystem_m.dylib
0x00000000082bb000 	/usr/lib/system/libsystem_malloc.dylib
0x00000000082bb000 	/usr/lib/system/libsystem_network.dylib
0x00000000082bb000 	/usr/lib/system/libsystem_notify.dylib
0x00000000082bb000 	/usr/lib/system/libsystem_platform.dylib
0x00000000082bb000 	/usr/lib/system/libsystem_pthread.dylib
0x00000000082bb000 	/usr/lib/system/libsystem_sandbox.dylib
0x00000000082bb000 	/usr/lib/system/libsystem_stats.dylib
0x00000000082bb000 	/usr/lib/system/libunc.dylib
0x00000000082bb000 	/usr/lib/system/libunwind.dylib
0x00000000082bb000 	/usr/lib/system/libxpc.dylib
0x00000000082bb000 	/usr/lib/libbsm.0.dylib
0x00000000082bb000 	/usr/lib/libsqlite3.dylib
0x00000000082bb000 	/usr/lib/libxar.1.dylib
0x00000000082bb000 	/usr/lib/libpam.2.dylib
0x00000000082bb000 	/usr/lib/libOpenScriptingUtil.dylib
0x00000000082bb000 	/usr/lib/libbz2.1.0.dylib
0x00000000082bb000 	/System/Library/Frameworks/CoreServices.framework/Versions/A/Frameworks/CarbonCore.framework/Versions/A/CarbonCore
0x00000000082bb000 	/System/Library/Frameworks/CoreServices.framework/Versions/A/Frameworks/Metadata.framework/Versions/A/Metadata
0x00000000082bb000 	/System/Library/Frameworks/CoreServices.framework/Versions/A/Frameworks/OSServices.framework/Versions/A/OSServices
0x00000000082bb000 	/System/Library/Frameworks/CoreServices.framework/Versions/A/Frameworks/SearchKit.framework/Versions/A/SearchKit
0x00000000082bb000 	/System/Library/Frameworks/CoreServices.framework/Versions/A/Frameworks/AE.framework/Versions/A/AE
0x00000000082bb000 	/System/Library/Frameworks/CoreServices.framework/Versions/A/Frameworks/LaunchServices.framework/Versions/A/LaunchServices
0x00000000082bb000 	/System/Library/Frameworks/CoreServices.framework/Versions/A/Frameworks/DictionaryServices.framework/Versions/A/DictionaryServices
0x00000000082bb000 	/System/Library/Frameworks/NetFS.framework/Versions/A/NetFS
0x00000000082bb000 	/usr/lib/system/libkxld.dylib
0x00000000082bb000 	/System/Library/PrivateFrameworks/NetAuth.framework/Versions/A/NetAuth
0x00000000082bb000 	/System/Library/PrivateFrameworks/TCC.framework/Versions/A/TCC
0x00000000082bb000 	/System/Library/Frameworks/OpenDirectory.framework/Versions/A/Frameworks/CFOpenDirectory.framework/Versions/A/CFOpenDirectory
0x00000000082bb000 	/System/Library/Frameworks/ServiceManagement.framework/Versions/A/ServiceManagement
0x00000000082bb000 	/usr/lib/libxslt.1.dylib
0x00000000082bb000 	/System/Library/Frameworks/Carbon.framework/Versions/A/Frameworks/Ink.framework/Versions/A/Ink
0x00000000082bb000 	/System/Library/Frameworks/ApplicationServices.framework/Versions/A/Frameworks/ATS.framework/Versions/A/ATS
0x00000000082bb000 	/System/Library/Frameworks/ApplicationServices.framework/Versions/A/Frameworks/ColorSync.framework/Versions/A/ColorSync
0x00000000082bb000 	/System/Library/Frameworks/ApplicationServices.framework/Versions/A/Frameworks/HIServices.framework/Versions/A/HIServices
0x00000000082bb000 	/System/Library/Frameworks/ApplicationServices.framework/Versions/A/Frameworks/LangAnalysis.framework/Versions/A/LangAnalysis
0x00000000082bb000 	/System/Library/Frameworks/ApplicationServices.framework/Versions/A/Frameworks/PrintCore.framework/Versions/A/PrintCore
0x00000000082bb000 	/System/Library/Frameworks/ApplicationServices.framework/Versions/A/Frameworks/QD.framework/Versions/A/QD
0x00000000082bb000 	/System/Library/Frameworks/ApplicationServices.framework/Versions/A/Frameworks/SpeechSynthesis.framework/Versions/A/SpeechSynthesis
0x00000000082bb000 	/System/Library/Frameworks/IOSurface.framework/Versions/A/IOSurface
0x00000000082bb000 	/System/Library/Frameworks/Accelerate.framework/Versions/A/Accelerate
0x00000000082bb000 	/System/Library/Frameworks/Accelerate.framework/Versions/A/Frameworks/vImage.framework/Versions/A/vImage
0x00000000082bb000 	/System/Library/Frameworks/Accelerate.framework/Versions/A/Frameworks/vecLib.framework/Versions/A/vecLib
0x00000000082bb000 	/System/Library/Frameworks/Accelerate.framework/Versions/A/Frameworks/vecLib.framework/Versions/A/libvDSP.dylib
0x00000000082bb000 	/System/Library/Frameworks/Accelerate.framework/Versions/A/Frameworks/vecLib.framework/Versions/A/libvMisc.dylib
0x00000000082bb000 	/System/Library/Frameworks/Accelerate.framework/Versions/A/Frameworks/vecLib.framework/Versions/A/libLAPACK.dylib
0x00000000082bb000 	/System/Library/Frameworks/Accelerate.framework/Versions/A/Frameworks/vecLib.framework/Versions/A/libBLAS.dylib
0x00000000082bb000 	/System/Library/Frameworks/ApplicationServices.framework/Versions/A/Frameworks/ATS.framework/Versions/A/Resources/libFontParser.dylib
0x00000000082bb000 	/System/Library/Frameworks/ApplicationServices.framework/Versions/A/Frameworks/ATS.framework/Versions/A/Resources/libFontRegistry.dylib
0x00000000082bb000 	/System/Library/Frameworks/ImageIO.framework/Versions/A/Resources/libJPEG.dylib
0x00000000082bb000 	/System/Library/Frameworks/ImageIO.framework/Versions/A/Resources/libTIFF.dylib
0x00000000082bb000 	/System/Library/Frameworks/ImageIO.framework/Versions/A/Resources/libPng.dylib
0x00000000082bb000 	/System/Library/Frameworks/ImageIO.framework/Versions/A/Resources/libGIF.dylib
0x00000000082bb000 	/System/Library/Frameworks/ImageIO.framework/Versions/A/Resources/libJP2.dylib
0x00000000082bb000 	/System/Library/Frameworks/ImageIO.framework/Versions/A/Resources/libRadiance.dylib
0x00000000082bb000 	/usr/lib/libcups.2.dylib
0x00000000082bb000 	/System/Library/Frameworks/Kerberos.framework/Versions/A/Kerberos
0x00000000082bb000 	/System/Library/Frameworks/GSS.framework/Versions/A/GSS
0x00000000082bb000 	/usr/lib/libresolv.9.dylib
0x00000000082bb000 	/usr/lib/libiconv.2.dylib
0x00000000082bb000 	/System/Library/PrivateFrameworks/Heimdal.framework/Versions/A/Heimdal
0x00000000082bb000 	/System/Library/PrivateFrameworks/TrustEvaluationAgent.framework/Versions/A/TrustEvaluationAgent
0x00000000082bb000 	/usr/lib/libheimdal-asn1.dylib
0x00000000082bb000 	/System/Library/Frameworks/OpenDirectory.framework/Versions/A/OpenDirectory
0x00000000082bb000 	/System/Library/PrivateFrameworks/CommonAuth.framework/Versions/A/CommonAuth
0x00000000082bb000 	/System/Library/Frameworks/SecurityFoundation.framework/Versions/A/SecurityFoundation
0x00000000082bb000 	/System/Library/PrivateFrameworks/Bom.framework/Versions/A/Bom
0x00000000082bb000 	/System/Library/Frameworks/CoreVideo.framework/Versions/A/CoreVideo
0x00000000082bb000 	/System/Library/Frameworks/QuartzCore.framework/Versions/A/Frameworks/CoreImage.framework/Versions/A/CoreImage
0x00000000082bb000 	/System/Library/Frameworks/QuartzCore.framework/Versions/A/Frameworks/ScalableUserInterface.framework/Versions/A/ScalableUserInterface
0x00000000082bb000 	/System/Library/Frameworks/OpenGL.framework/Versions/A/Libraries/libGLU.dylib
0x00000000082bb000 	/System/Library/Frameworks/OpenGL.framework/Versions/A/Libraries/libGFXShared.dylib
0x00000000082bb000 	/System/Library/Frameworks/OpenGL.framework/Versions/A/Libraries/libGL.dylib
0x00000000082bb000 	/System/Library/Frameworks/OpenGL.framework/Versions/A/Libraries/libGLImage.dylib
0x00000000082bb000 	/System/Library/Frameworks/OpenGL.framework/Versions/A/Libraries/libCVMSPluginSupport.dylib
0x00000000082bb000 	/System/Library/Frameworks/OpenGL.framework/Versions/A/Libraries/libCoreVMClient.dylib
0x00000000082bb000 	/System/Library/PrivateFrameworks/FaceCore.framework/Versions/A/FaceCore
0x00000000082bb000 	/System/Library/PrivateFrameworks/CrashReporterSupport.framework/Versions/A/CrashReporterSupport
0x00000000082bb000 	/System/Library/Frameworks/OpenCL.framework/Versions/A/OpenCL
0x00000000082bb000 	/System/Library/PrivateFrameworks/AppleFSCompression.framework/Versions/A/AppleFSCompression
0x00000000082bb000 	/System/Library/PrivateFrameworks/Ubiquity.framework/Versions/A/Ubiquity
0x00000000082bb000 	/System/Library/PrivateFrameworks/IconServices.framework/Versions/A/IconServices
0x00000000082bb000 	/System/Library/PrivateFrameworks/ChunkingLibrary.framework/Versions/A/ChunkingLibrary
0x00000000082bb000 	/System/Library/PrivateFrameworks/CoreSymbolication.framework/Versions/A/CoreSymbolication
0x00000000082bb000 	/System/Library/PrivateFrameworks/Symbolication.framework/Versions/A/Symbolication
0x00000000082bb000 	/System/Library/PrivateFrameworks/DebugSymbols.framework/Versions/A/DebugSymbols
0x0000000100ef9000 	/Library/Java/JavaVirtualMachines/jdk1.8.0_20.jdk/Contents/Home/jre/lib/server/libjvm.dylib
0x00000000082bb000 	/usr/lib/libstdc++.6.dylib
0x0000000101f2d000 	/Library/Java/JavaVirtualMachines/jdk1.8.0_20.jdk/Contents/Home/jre/lib/libverify.dylib
0x0000000101f3b000 	/Library/Java/JavaVirtualMachines/jdk1.8.0_20.jdk/Contents/Home/jre/lib/libjava.dylib
0x0000000101f70000 	/Applications/NetBeans/NetBeans 8.0.1.app/Contents/Resources/NetBeans/profiler/lib/deployed/jdk16/mac/libprofilerinterface.jnilib
0x0000000101f7b000 	/System/Library/Frameworks/JavaVM.framework/Versions/A/JavaVM
0x0000000101f87000 	/System/Library/PrivateFrameworks/JavaLaunching.framework/Versions/A/JavaLaunching
0x0000000101f9b000 	/Library/Java/JavaVirtualMachines/jdk1.8.0_20.jdk/Contents/Home/jre/lib/libzip.dylib
0x000000011d2f7000 	/System/Library/Frameworks/JavaVM.framework/Frameworks/JavaRuntimeSupport.framework/JavaRuntimeSupport
0x000000011d30f000 	/System/Library/Frameworks/JavaVM.framework/Versions/A/Frameworks/JavaNativeFoundation.framework/Versions/A/JavaNativeFoundation
0x00000000082bb000 	/System/Library/Frameworks/Carbon.framework/Versions/A/Carbon
0x00000000082bb000 	/System/Library/Frameworks/Carbon.framework/Versions/A/Frameworks/CommonPanels.framework/Versions/A/CommonPanels
0x00000000082bb000 	/System/Library/Frameworks/Carbon.framework/Versions/A/Frameworks/Help.framework/Versions/A/Help
0x00000000082bb000 	/System/Library/Frameworks/Carbon.framework/Versions/A/Frameworks/ImageCapture.framework/Versions/A/ImageCapture
0x00000000082bb000 	/System/Library/Frameworks/Carbon.framework/Versions/A/Frameworks/OpenScripting.framework/Versions/A/OpenScripting
0x00000000082bb000 	/System/Library/Frameworks/Carbon.framework/Versions/A/Frameworks/Print.framework/Versions/A/Print
0x00000000082bb000 	/System/Library/Frameworks/Carbon.framework/Versions/A/Frameworks/SecurityHI.framework/Versions/A/SecurityHI
0x000000011d892000 	/Library/Java/JavaVirtualMachines/jdk1.8.0_20.jdk/Contents/Home/jre/lib/libnet.dylib
0x000000011db1d000 	/Library/Java/JavaVirtualMachines/jdk1.8.0_20.jdk/Contents/Home/jre/lib/libmanagement.dylib
0x000000011db2a000 	/Library/Java/JavaVirtualMachines/jdk1.8.0_20.jdk/Contents/Home/jre/lib/libnio.dylib

VM Arguments:
jvm_args: -agentpath:/Applications/NetBeans/NetBeans 8.0.1.app/Contents/Resources/NetBeans/profiler/lib/deployed/jdk16/mac/libprofilerinterface.jnilib=/Applications/NetBeans/NetBeans 8.0.1.app/Contents/Resources/NetBeans/profiler/lib,5140,10 -XX:+HeapDumpOnOutOfMemoryError -XX:HeapDumpPath=/Users/jonas/Library/Caches/NetBeans/8.0.1/mavencachedirs/962273654/org-netbeans-modules-profiler -Xverify:none 
java_command: de.up.ling.irtg.algebra.graph.BRUtil
java_class_path (initial): /Users/jonas/Documents/irtgTool/irtg/target/classes:/Users/jonas/.m2/repository/de/saar/coli/basics/1.2.32/basics-1.2.32.jar:/Users/jonas/.m2/repository/com/lowagie/itext/2.0.7/itext-2.0.7.jar:/Users/jonas/.m2/repository/bouncycastle/bcmail-jdk14/138/bcmail-jdk14-138.jar:/Users/jonas/.m2/repository/bouncycastle/bcprov-jdk14/138/bcprov-jdk14-138.jar:/Users/jonas/.m2/repository/com/google/guava/guava/15.0/guava-15.0.jar:/Users/jonas/.m2/repository/com/google/code/findbugs/jsr305/3.0.0/jsr305-3.0.0.jar:/Users/jonas/.m2/repository/org/apache/commons/commons-math3/3.0/commons-math3-3.0.jar:/Users/jonas/.m2/repository/cc/mallet/mallet/2.0.7/mallet-2.0.7.jar:/Users/jonas/.m2/repository/org/beanshell/bsh/2.0b4/bsh-2.0b4.jar:/Users/jonas/.m2/repository/jgrapht/jgrapht/0.6.0/jgrapht-0.6.0.jar:/Users/jonas/.m2/repository/net/sf/jwordnet/jwnl/1.4_rc3/jwnl-1.4_rc3.jar:/Users/jonas/.m2/repository/commons-logging/commons-logging/1.1.1/commons-logging-1.1.1.jar:/Users/jonas/.m2/repository/net/sf/trove4j/trove4j/2.0.2/trove4j-2.0.2.jar:/Users/jonas/.m2/repository/com/googlecode/matrix-toolkits-java/mtj/0.9.14/mtj-0.9.14.jar:/Users/jonas/.m2/repository/com/googlecode/netlib-java/netlib-java/0.9.3/netlib-java-0.9.3.jar:/Users/jonas/.m2/repository/net/sourceforge/f2j/arpack_combined_all/0.1/arpack_combined_all-0.1.jar:/Users/jonas/.m2/repository/org/jdom/jdom/1.1/jdom-1.1.jar:/Users/jonas/.m2/repository/it/unimi/dsi/fastutil/6.5.6/fastutil-6.5.6.jar:/Users/jonas/.m2/repository/org/simplericity/macify/macify/1.4/macify-1.4.jar:/Users/jonas/.m2/repository/com/bric/window/windowmenu/1.0/windowmenu-1.0.jar:/Users/jonas/.m2/repository/com/fasterxml/jackson/core/jackson-core/2.2.3/jackson-core-2.2.3.jar:/Users/jonas/.m2/repository/com/fasterxml/jackson/core/jackson-databind/2.2.3/jackson-databind-2.2.3.jar:/Users/jonas/.m2/repository/com/fasterxml/jackson/core/jackson-annotations/2.2.3/jackson-annotations-2.2.3.jar:/Users/jonas/.m2/repository/net/sf/jgrapht/jgrap
Launcher Type: SUN_STANDARD

Environment Variables:
JAVA_HOME=/Library/Java/JavaVirtualMachines/jdk1.8.0_20.jdk/Contents/Home
PATH=/usr/bin:/bin:/usr/sbin:/sbin
LD_LIBRARY_PATH=/Library/Java/JavaVirtualMachines/jdk1.8.0_20.jdk/Contents/Home/jre/lib/amd64:/Library/Java/JavaVirtualMachines/jdk1.8.0_20.jdk/Contents/Home/jre/lib/i386:
SHELL=/bin/bash
DYLD_LIBRARY_PATH=/Applications/NetBeans/NetBeans 8.0.1.app/Contents/Resources/NetBeans/webcommon/bin:

Signal Handlers:
SIGSEGV: [libjvm.dylib+0x578fd7], sa_mask[0]=11111111011111110111111111111111, sa_flags=SA_ONSTACK|SA_RESTART|SA_SIGINFO
SIGBUS: [libjvm.dylib+0x578fd7], sa_mask[0]=11111111011111110111111111111111, sa_flags=SA_RESTART|SA_SIGINFO
SIGFPE: [libjvm.dylib+0x45ab0c], sa_mask[0]=11111111011111110111111111111111, sa_flags=SA_RESTART|SA_SIGINFO
SIGPIPE: [libjvm.dylib+0x45ab0c], sa_mask[0]=11111111011111110111111111111111, sa_flags=SA_RESTART|SA_SIGINFO
SIGXFSZ: [libjvm.dylib+0x45ab0c], sa_mask[0]=11111111011111110111111111111111, sa_flags=SA_RESTART|SA_SIGINFO
SIGILL: [libjvm.dylib+0x45ab0c], sa_mask[0]=11111111011111110111111111111111, sa_flags=SA_RESTART|SA_SIGINFO
SIGUSR1: SIG_DFL, sa_mask[0]=00000000000000000000000000000000, sa_flags=SA_RESTART
SIGUSR2: [libjvm.dylib+0x45a62a], sa_mask[0]=00100000000000000000000000000000, sa_flags=SA_RESTART|SA_SIGINFO
SIGHUP: [libjvm.dylib+0x458bfd], sa_mask[0]=11111111011111110111111111111111, sa_flags=SA_RESTART|SA_SIGINFO
SIGINT: SIG_IGN, sa_mask[0]=00000000000000000000000000000000, sa_flags=none
SIGTERM: [libjvm.dylib+0x458bfd], sa_mask[0]=11111111011111110111111111111111, sa_flags=SA_RESTART|SA_SIGINFO
SIGQUIT: [libjvm.dylib+0x458bfd], sa_mask[0]=11111111011111110111111111111111, sa_flags=SA_RESTART|SA_SIGINFO


---------------  S Y S T E M  ---------------

OS:Bsduname:Darwin 13.4.0 Darwin Kernel Version 13.4.0: Sun Aug 17 19:50:11 PDT 2014; root:xnu-2422.115.4~1/RELEASE_X86_64 x86_64
rlimit: STACK 8192k, CORE 0k, NPROC 709, NOFILE 10240, AS infinity
load average:4.99 3.77 2.83

CPU:total 4 (4 cores per cpu, 1 threads per core) family 6 model 60 stepping 3, cmov, cx8, fxsr, mmx, sse, sse2, sse3, ssse3, sse4.1, sse4.2, popcnt, avx, avx2, aes, clmul, erms, rtm, lzcnt, tsc, tscinvbit, bmi1, bmi2

Memory: 4k page, physical 16777216k(972372k free)

/proc/meminfo:


vm_info: Java HotSpot(TM) 64-Bit Server VM (25.20-b23) for bsd-amd64 JRE (1.8.0_20-b26), built on Jul 30 2014 13:37:47 by "java_re" with gcc 4.2.1 (Based on Apple Inc. build 5658) (LLVM build 2336.9.00)

time: Mon Nov  3 15:11:18 2014
elapsed time: 324 seconds (0d 0h 5m 24s)

